#-----------------------------------------------------------
# Vivado v2018.2 (64-bit)
# SW Build 2258646 on Thu Jun 14 20:03:12 MDT 2018
# IP Build 2256618 on Thu Jun 14 22:10:49 MDT 2018
# Start of session at: Fri Feb 24 10:32:20 2023
# Process ID: 49724
# Current directory: E:/Downloads/ad_da_hdmi-master/ad_da_vga
# Command line: vivado.exe -gui_launcher_event rodinguilauncherevent47496 E:\Downloads\ad_da_hdmi-master\ad_da_vga\ad_da_vga.xpr
# Log file: E:/Downloads/ad_da_hdmi-master/ad_da_vga/vivado.log
# Journal file: E:/Downloads/ad_da_hdmi-master/ad_da_vga\vivado.jou
#-----------------------------------------------------------
start_gui
open_project E:/Downloads/ad_da_hdmi-master/ad_da_vga/ad_da_vga.xpr
INFO: [Project 1-313] Project file moved from 'D:/aaadanpianji/competiton_two/ad_da_vga' since last save.
Scanning sources...
Finished scanning sources
INFO: [IP_Flow 19-234] Refreshing IP repositories
INFO: [IP_Flow 19-1704] No user IP repositories specified
INFO: [IP_Flow 19-2313] Loaded Vivado IP repository 'D:/Xilinx/Vivado/2018.2/data/ip'.
WARNING: [IP_Flow 19-2162] IP 'ila_0' is locked:
* IP definition 'ILA (Integrated Logic Analyzer) (6.2)' for IP 'ila_0' (customized with software release 2017.4) has a different revision in the IP Catalog.
Please select 'Report IP Status' from the 'Tools/Report' menu or run Tcl command 'report_ip_status' for more information.
WARNING: [IP_Flow 19-2162] IP 'clk_wiz_0' is locked:
* IP definition 'Clocking Wizard (5.4)' for IP 'clk_wiz_0' (customized with software release 2017.4) has a newer major version in the IP Catalog.
* The IP Data in the repository is incompatible with the current instance (despite having identical Version and Revision). You will need to upgrade the IP before viewing the customization and generating outputs.
Please select 'Report IP Status' from the 'Tools/Report' menu or run Tcl command 'report_ip_status' for more information.
INFO: [Project 1-230] Project 'ad_da_vga.xpr' upgraded for this version of Vivado.
open_project: Time (s): cpu = 00:00:17 ; elapsed = 00:00:10 . Memory (MB): peak = 912.016 ; gain = 171.551
update_compile_order -fileset sources_1
WARNING: [filemgmt 56-199] Attempt to get parsing info during refresh. "On-the-fly" syntax checking information may be incorrect. [E:/Downloads/ad_da_hdmi-master/ad_da_vga/ad_da_vga.srcs/sources_1/imports/ad_da_vga/da_wave_send.v:]
WARNING: [filemgmt 56-199] Attempt to get parsing info during refresh. "On-the-fly" syntax checking information may be incorrect. [E:/Downloads/ad_da_hdmi-master/ad_da_vga/ad_da_vga.srcs/video_display.v:]
WARNING: [filemgmt 56-199] Attempt to get parsing info during refresh. "On-the-fly" syntax checking information may be incorrect. [E:/Downloads/ad_da_hdmi-master/ad_da_vga/ad_da_vga.srcs/dvi_transmitter_top.v:]
WARNING: [filemgmt 56-199] Attempt to get parsing info during refresh. "On-the-fly" syntax checking information may be incorrect. [E:/Downloads/ad_da_hdmi-master/ad_da_vga/ad_da_vga.srcs/sources_1/imports/ad_da_vga/hs_ad_da.v:]
WARNING: [filemgmt 56-199] Attempt to get parsing info during refresh. "On-the-fly" syntax checking information may be incorrect. [E:/Downloads/ad_da_hdmi-master/ad_da_vga/ad_da_vga.srcs/hdmi_colorbar_top.v:]
WARNING: [filemgmt 56-199] Attempt to get parsing info during refresh. "On-the-fly" syntax checking information may be incorrect. [E:/Downloads/ad_da_hdmi-master/ad_da_vga/ad_da_vga.srcs/sources_1/imports/ad_da_vga/da_wave_send.v:]
WARNING: [filemgmt 56-199] Attempt to get parsing info during refresh. "On-the-fly" syntax checking information may be incorrect. [E:/Downloads/ad_da_hdmi-master/ad_da_vga/ad_da_vga.srcs/video_display.v:]
WARNING: [filemgmt 56-199] Attempt to get parsing info during refresh. "On-the-fly" syntax checking information may be incorrect. [E:/Downloads/ad_da_hdmi-master/ad_da_vga/ad_da_vga.srcs/dvi_transmitter_top.v:]
WARNING: [filemgmt 56-199] Attempt to get parsing info during refresh. "On-the-fly" syntax checking information may be incorrect. [E:/Downloads/ad_da_hdmi-master/ad_da_vga/ad_da_vga.srcs/sources_1/imports/ad_da_vga/hs_ad_da.v:]
WARNING: [filemgmt 56-199] Attempt to get parsing info during refresh. "On-the-fly" syntax checking information may be incorrect. [E:/Downloads/ad_da_hdmi-master/ad_da_vga/ad_da_vga.srcs/hdmi_colorbar_top.v:]
WARNING: [filemgmt 56-199] Attempt to get parsing info during refresh. "On-the-fly" syntax checking information may be incorrect. [E:/Downloads/ad_da_hdmi-master/ad_da_vga/ad_da_vga.srcs/sources_1/imports/ad_da_vga/da_wave_send.v:]
WARNING: [filemgmt 56-199] Attempt to get parsing info during refresh. "On-the-fly" syntax checking information may be incorrect. [E:/Downloads/ad_da_hdmi-master/ad_da_vga/ad_da_vga.srcs/video_display.v:]
WARNING: [filemgmt 56-199] Attempt to get parsing info during refresh. "On-the-fly" syntax checking information may be incorrect. [E:/Downloads/ad_da_hdmi-master/ad_da_vga/ad_da_vga.srcs/dvi_transmitter_top.v:]
WARNING: [filemgmt 56-199] Attempt to get parsing info during refresh. "On-the-fly" syntax checking information may be incorrect. [E:/Downloads/ad_da_hdmi-master/ad_da_vga/ad_da_vga.srcs/sources_1/imports/ad_da_vga/hs_ad_da.v:]
WARNING: [filemgmt 56-199] Attempt to get parsing info during refresh. "On-the-fly" syntax checking information may be incorrect. [E:/Downloads/ad_da_hdmi-master/ad_da_vga/ad_da_vga.srcs/hdmi_colorbar_top.v:]
WARNING: [filemgmt 56-199] Attempt to get parsing info during refresh. "On-the-fly" syntax checking information may be incorrect. [E:/Downloads/ad_da_hdmi-master/ad_da_vga/ad_da_vga.srcs/sources_1/imports/ad_da_vga/da_wave_send.v:]
WARNING: [filemgmt 56-199] Attempt to get parsing info during refresh. "On-the-fly" syntax checking information may be incorrect. [E:/Downloads/ad_da_hdmi-master/ad_da_vga/ad_da_vga.srcs/video_display.v:]
WARNING: [filemgmt 56-199] Attempt to get parsing info during refresh. "On-the-fly" syntax checking information may be incorrect. [E:/Downloads/ad_da_hdmi-master/ad_da_vga/ad_da_vga.srcs/dvi_transmitter_top.v:]
WARNING: [filemgmt 56-199] Attempt to get parsing info during refresh. "On-the-fly" syntax checking information may be incorrect. [E:/Downloads/ad_da_hdmi-master/ad_da_vga/ad_da_vga.srcs/sources_1/imports/ad_da_vga/hs_ad_da.v:]
WARNING: [filemgmt 56-199] Attempt to get parsing info during refresh. "On-the-fly" syntax checking information may be incorrect. [E:/Downloads/ad_da_hdmi-master/ad_da_vga/ad_da_vga.srcs/hdmi_colorbar_top.v:]
ERROR: [Common 17-180] Spawn failed: No error
set_property flow {Vivado Implementation 2018} [get_runs impl_1]
create_run impl_2 -parent_run synth_1 -flow {Vivado Implementation 2018} -strategy {Vivado Implementation Defaults} -report_strategy {Vivado Implementation Default Reports}
Run is defaulting to parent run srcset: sources_1
Run is defaulting to parent run constrset: constrs_1
Run is defaulting to parent run part: xc7a35tfgg484-2
current_run [get_runs impl_2]
set_property part xc7z010clg400-1 [current_project]
WARNING: [IP_Flow 19-2162] IP 'ila_0' is locked:
* IP definition 'ILA (Integrated Logic Analyzer) (6.2)' for IP 'ila_0' (customized with software release 2017.4) has a different revision in the IP Catalog.
* Current project part 'xc7z010clg400-1' and the part 'xc7a35tfgg484-2' used to customize the IP 'ila_0' do not match.
Please select 'Report IP Status' from the 'Tools/Report' menu or run Tcl command 'report_ip_status' for more information.
WARNING: [IP_Flow 19-2162] IP 'rom_256x8b' is locked:
* Current project part 'xc7z010clg400-1' and the part 'xc7a35tfgg484-2' used to customize the IP 'rom_256x8b' do not match.
Please select 'Report IP Status' from the 'Tools/Report' menu or run Tcl command 'report_ip_status' for more information.
WARNING: [IP_Flow 19-2162] IP 'sawt_rom' is locked:
* Current project part 'xc7z010clg400-1' and the part 'xc7a35tfgg484-2' used to customize the IP 'sawt_rom' do not match.
Please select 'Report IP Status' from the 'Tools/Report' menu or run Tcl command 'report_ip_status' for more information.
WARNING: [IP_Flow 19-2162] IP 'tri_rom' is locked:
* Current project part 'xc7z010clg400-1' and the part 'xc7a35tfgg484-2' used to customize the IP 'tri_rom' do not match.
Please select 'Report IP Status' from the 'Tools/Report' menu or run Tcl command 'report_ip_status' for more information.
WARNING: [IP_Flow 19-2162] IP 'clk_wiz_0' is locked:
* IP definition 'Clocking Wizard (5.4)' for IP 'clk_wiz_0' (customized with software release 2017.4) has a newer major version in the IP Catalog.
* The IP Data in the repository is incompatible with the current instance (despite having identical Version and Revision). You will need to upgrade the IP before viewing the customization and generating outputs.
* Current project part 'xc7z010clg400-1' and the part 'xc7a35tfgg484-2' used to customize the IP 'clk_wiz_0' do not match.
Please select 'Report IP Status' from the 'Tools/Report' menu or run Tcl command 'report_ip_status' for more information.
WARNING: [IP_Flow 19-2162] IP 'dis_ram' is locked:
* Current project part 'xc7z010clg400-1' and the part 'xc7a35tfgg484-2' used to customize the IP 'dis_ram' do not match.
Please select 'Report IP Status' from the 'Tools/Report' menu or run Tcl command 'report_ip_status' for more information.
reset_run rom_256x8b_synth_1
reset_run sawt_rom_synth_1
reset_run tri_rom_synth_1
reset_run clk_wiz_0_synth_1
reset_run dis_ram_synth_1
reset_run synth_1
launch_runs synth_1 -jobs 8
WARNING: [Vivado 12-4801] The synthesis checkpoint for IP 'E:/Downloads/ad_da_hdmi-master/ad_da_vga/ad_da_vga.srcs/sources_1/ip/ila_0/ila_0.xci' is available but stale and the IP is locked. An out-of-context (OOC) run will be created and/or launched, but synthesis may not be able to complete or could result in incorrect behavior.
Please select 'Report IP Status' from the 'Tools/Report' menu or run Tcl command 'report_ip_status' for more information.
WARNING: [Project 1-577] IP run rom_256x8b_synth_1 is available but is out of date. Since the IP is locked, the synthesis checkpoint cannot be updated. The out-of-date checkpoint will be used and it may result in incorrect behavior.
Please select 'Report IP Status' from the 'Tools/Report' menu or run the Tcl command 'report_ip_status' for more information.
WARNING: [Project 1-577] IP run sawt_rom_synth_1 is available but is out of date. Since the IP is locked, the synthesis checkpoint cannot be updated. The out-of-date checkpoint will be used and it may result in incorrect behavior.
Please select 'Report IP Status' from the 'Tools/Report' menu or run the Tcl command 'report_ip_status' for more information.
WARNING: [Project 1-577] IP run tri_rom_synth_1 is available but is out of date. Since the IP is locked, the synthesis checkpoint cannot be updated. The out-of-date checkpoint will be used and it may result in incorrect behavior.
Please select 'Report IP Status' from the 'Tools/Report' menu or run the Tcl command 'report_ip_status' for more information.
WARNING: [Project 1-577] IP run clk_wiz_0_synth_1 is available but is out of date. Since the IP is locked, the synthesis checkpoint cannot be updated. The out-of-date checkpoint will be used and it may result in incorrect behavior.
Please select 'Report IP Status' from the 'Tools/Report' menu or run the Tcl command 'report_ip_status' for more information.
WARNING: [Project 1-577] IP run dis_ram_synth_1 is available but is out of date. Since the IP is locked, the synthesis checkpoint cannot be updated. The out-of-date checkpoint will be used and it may result in incorrect behavior.
Please select 'Report IP Status' from the 'Tools/Report' menu or run the Tcl command 'report_ip_status' for more information.
WARNING: [Runs 36-337] The following IPs are either missing output products or output products are not up-to-date for Synthesis target. Since these IPs are locked, no update to the output products can be done. 
Please select 'Report IP Status' from the 'Tools/Report' menu or run Tcl command 'report_ip_status' for more information.
E:/Downloads/ad_da_hdmi-master/ad_da_vga/ad_da_vga.srcs/sources_1/ip/rom_256x8b/rom_256x8b.xci

WARNING: [Runs 36-337] The following IPs are either missing output products or output products are not up-to-date for Synthesis target. Since these IPs are locked, no update to the output products can be done. 
Please select 'Report IP Status' from the 'Tools/Report' menu or run Tcl command 'report_ip_status' for more information.
E:/Downloads/ad_da_hdmi-master/ad_da_vga/ad_da_vga.srcs/sources_1/ip/sawt_rom/sawt_rom.xci

WARNING: [Runs 36-337] The following IPs are either missing output products or output products are not up-to-date for Synthesis target. Since these IPs are locked, no update to the output products can be done. 
Please select 'Report IP Status' from the 'Tools/Report' menu or run Tcl command 'report_ip_status' for more information.
E:/Downloads/ad_da_hdmi-master/ad_da_vga/ad_da_vga.srcs/sources_1/ip/tri_rom/tri_rom.xci

WARNING: [Runs 36-337] The following IPs are either missing output products or output products are not up-to-date for Synthesis target. Since these IPs are locked, no update to the output products can be done. 
Please select 'Report IP Status' from the 'Tools/Report' menu or run Tcl command 'report_ip_status' for more information.
E:/Downloads/ad_da_hdmi-master/ad_da_vga/ad_da_vga.srcs/sources_1/ip/clk_wiz_0/clk_wiz_0.xci

WARNING: [Runs 36-337] The following IPs are either missing output products or output products are not up-to-date for Implementation target. Since these IPs are locked, no update to the output products can be done. 
Please select 'Report IP Status' from the 'Tools/Report' menu or run Tcl command 'report_ip_status' for more information.
E:/Downloads/ad_da_hdmi-master/ad_da_vga/ad_da_vga.srcs/sources_1/ip/clk_wiz_0/clk_wiz_0.xci

WARNING: [Runs 36-337] The following IPs are either missing output products or output products are not up-to-date for Synthesis target. Since these IPs are locked, no update to the output products can be done. 
Please select 'Report IP Status' from the 'Tools/Report' menu or run Tcl command 'report_ip_status' for more information.
E:/Downloads/ad_da_hdmi-master/ad_da_vga/ad_da_vga.srcs/sources_1/ip/dis_ram/dis_ram.xci

WARNING: [Runs 36-337] The following IPs are either missing output products or output products are not up-to-date for Synthesis target. Since these IPs are locked, no update to the output products can be done. 
Please select 'Report IP Status' from the 'Tools/Report' menu or run Tcl command 'report_ip_status' for more information.
E:/Downloads/ad_da_hdmi-master/ad_da_vga/ad_da_vga.srcs/sources_1/ip/ila_0/ila_0.xci

WARNING: [Runs 36-337] The following IPs are either missing output products or output products are not up-to-date for Implementation target. Since these IPs are locked, no update to the output products can be done. 
Please select 'Report IP Status' from the 'Tools/Report' menu or run Tcl command 'report_ip_status' for more information.
E:/Downloads/ad_da_hdmi-master/ad_da_vga/ad_da_vga.srcs/sources_1/ip/ila_0/ila_0.xci

WARNING: [Project 1-576] IP 'E:/Downloads/ad_da_hdmi-master/ad_da_vga/ad_da_vga.srcs/sources_1/ip/rom_256x8b/rom_256x8b.xci' in run rom_256x8b_synth_1 is locked, no out-of-context (OOC) run will be launched. The run may not be able to complete.
Please select 'Report IP Status' from 'Tools/Report' or run the Tcl command 'report_ip_status' for more information.
WARNING: [Project 1-576] IP 'E:/Downloads/ad_da_hdmi-master/ad_da_vga/ad_da_vga.srcs/sources_1/ip/sawt_rom/sawt_rom.xci' in run sawt_rom_synth_1 is locked, no out-of-context (OOC) run will be launched. The run may not be able to complete.
Please select 'Report IP Status' from 'Tools/Report' or run the Tcl command 'report_ip_status' for more information.
WARNING: [Project 1-576] IP 'E:/Downloads/ad_da_hdmi-master/ad_da_vga/ad_da_vga.srcs/sources_1/ip/tri_rom/tri_rom.xci' in run tri_rom_synth_1 is locked, no out-of-context (OOC) run will be launched. The run may not be able to complete.
Please select 'Report IP Status' from 'Tools/Report' or run the Tcl command 'report_ip_status' for more information.
WARNING: [Project 1-576] IP 'E:/Downloads/ad_da_hdmi-master/ad_da_vga/ad_da_vga.srcs/sources_1/ip/clk_wiz_0/clk_wiz_0.xci' in run clk_wiz_0_synth_1 is locked, no out-of-context (OOC) run will be launched. The run may not be able to complete.
Please select 'Report IP Status' from 'Tools/Report' or run the Tcl command 'report_ip_status' for more information.
WARNING: [Project 1-576] IP 'E:/Downloads/ad_da_hdmi-master/ad_da_vga/ad_da_vga.srcs/sources_1/ip/dis_ram/dis_ram.xci' in run dis_ram_synth_1 is locked, no out-of-context (OOC) run will be launched. The run may not be able to complete.
Please select 'Report IP Status' from 'Tools/Report' or run the Tcl command 'report_ip_status' for more information.
[Fri Feb 24 10:45:54 2023] Launched rom_256x8b_synth_1, sawt_rom_synth_1, tri_rom_synth_1, clk_wiz_0_synth_1, dis_ram_synth_1...
Run output will be captured here:
rom_256x8b_synth_1: E:/Downloads/ad_da_hdmi-master/ad_da_vga/ad_da_vga.runs/rom_256x8b_synth_1/runme.log
sawt_rom_synth_1: E:/Downloads/ad_da_hdmi-master/ad_da_vga/ad_da_vga.runs/sawt_rom_synth_1/runme.log
tri_rom_synth_1: E:/Downloads/ad_da_hdmi-master/ad_da_vga/ad_da_vga.runs/tri_rom_synth_1/runme.log
clk_wiz_0_synth_1: E:/Downloads/ad_da_hdmi-master/ad_da_vga/ad_da_vga.runs/clk_wiz_0_synth_1/runme.log
dis_ram_synth_1: E:/Downloads/ad_da_hdmi-master/ad_da_vga/ad_da_vga.runs/dis_ram_synth_1/runme.log
[Fri Feb 24 10:45:55 2023] Launched synth_1...
Run output will be captured here: E:/Downloads/ad_da_hdmi-master/ad_da_vga/ad_da_vga.runs/synth_1/runme.log
launch_runs impl_2 -jobs 8
WARNING: [Vivado 12-4801] The synthesis checkpoint for IP 'E:/Downloads/ad_da_hdmi-master/ad_da_vga/ad_da_vga.srcs/sources_1/ip/ila_0/ila_0.xci' is available but stale and the IP is locked. An out-of-context (OOC) run will be created and/or launched, but synthesis may not be able to complete or could result in incorrect behavior.
Please select 'Report IP Status' from the 'Tools/Report' menu or run Tcl command 'report_ip_status' for more information.
[Fri Feb 24 10:50:50 2023] Launched impl_2...
Run output will be captured here: E:/Downloads/ad_da_hdmi-master/ad_da_vga/ad_da_vga.runs/impl_2/runme.log
open_run impl_2
INFO: [Netlist 29-17] Analyzing 110 Unisim elements for replacement
INFO: [Netlist 29-28] Unisim Transformation completed in 1 CPU seconds
INFO: [Project 1-479] Netlist was created with Vivado 2018.2
INFO: [Device 21-403] Loading part xc7z010clg400-1
INFO: [Project 1-570] Preparing netlist for logic optimization
WARNING: [Constraints 18-550] Could not create 'IBUF_LOW_PWR' constraint because net 'u_hdmi_colorbar_top/clk_wiz_0/clk_in1' is not directly connected to top level port. Synthesis is ignored for e:/Downloads/ad_da_hdmi-master/ad_da_vga/ad_da_vga.srcs/sources_1/ip/clk_wiz_0/clk_wiz_0/clk_wiz_0.edf but preserved for implementation. [e:/Downloads/ad_da_hdmi-master/ad_da_vga/ad_da_vga.srcs/sources_1/ip/clk_wiz_0/clk_wiz_0/clk_wiz_0.edf:317]
INFO: [Timing 38-478] Restoring timing data from binary archive.
INFO: [Timing 38-479] Binary timing data restore complete.
INFO: [Project 1-856] Restoring constraints from binary archive.
INFO: [Project 1-853] Binary constraint restore complete.
Reading XDEF placement.
Reading placer database...
Reading XDEF routing.
Read XDEF File: Time (s): cpu = 00:00:00 ; elapsed = 00:00:00.352 . Memory (MB): peak = 2027.738 ; gain = 0.000
Restored from archive | CPU: 0.000000 secs | Memory: 0.000000 MB |
Finished XDEF File Restore: Time (s): cpu = 00:00:00 ; elapsed = 00:00:00.352 . Memory (MB): peak = 2027.738 ; gain = 0.000
INFO: [Project 1-111] Unisim Transformation Summary:
  A total of 42 instances were transformed.
  CFGLUT5 => CFGLUT5 (SRLC32E, SRL16E): 36 instances
  RAM32M => RAM32M (RAMD32, RAMD32, RAMD32, RAMD32, RAMD32, RAMD32, RAMS32, RAMS32): 6 instances

open_run: Time (s): cpu = 00:00:42 ; elapsed = 00:00:38 . Memory (MB): peak = 2087.395 ; gain = 920.613
launch_runs impl_2 -to_step write_bitstream -jobs 8
WARNING: [Vivado 12-4801] The synthesis checkpoint for IP 'E:/Downloads/ad_da_hdmi-master/ad_da_vga/ad_da_vga.srcs/sources_1/ip/ila_0/ila_0.xci' is available but stale and the IP is locked. An out-of-context (OOC) run will be created and/or launched, but synthesis may not be able to complete or could result in incorrect behavior.
Please select 'Report IP Status' from the 'Tools/Report' menu or run Tcl command 'report_ip_status' for more information.
[Fri Feb 24 11:05:56 2023] Launched impl_2...
Run output will be captured here: E:/Downloads/ad_da_hdmi-master/ad_da_vga/ad_da_vga.runs/impl_2/runme.log
reset_run impl_2 -prev_step 
WARNING: [Vivado 12-1017] Problems encountered:
1. PID not specified

open_hw
connect_hw_server
INFO: [Labtools 27-2285] Connecting to hw_server url TCP:localhost:3121
open_hw_target
INFO: [Labtoolstcl 44-466] Opening hw_target localhost:3121/xilinx_tcf/Digilent/210512180081
open_hw_target: Time (s): cpu = 00:00:03 ; elapsed = 00:00:05 . Memory (MB): peak = 2747.875 ; gain = 604.797
current_hw_device [get_hw_devices xc7z010_1]
refresh_hw_device -update_hw_probes false [lindex [get_hw_devices xc7z010_1] 0]
INFO: [Labtools 27-1435] Device xc7z010 (JTAG device index = 1) is not programmed (DONE status = 0).
reset_run impl_2 -prev_step 
WARNING: [Vivado 12-1017] Problems encountered:
1. PID not specified

launch_runs impl_2 -to_step write_bitstream -jobs 8
WARNING: [Vivado 12-4801] The synthesis checkpoint for IP 'E:/Downloads/ad_da_hdmi-master/ad_da_vga/ad_da_vga.srcs/sources_1/ip/ila_0/ila_0.xci' is available but stale and the IP is locked. An out-of-context (OOC) run will be created and/or launched, but synthesis may not be able to complete or could result in incorrect behavior.
Please select 'Report IP Status' from the 'Tools/Report' menu or run Tcl command 'report_ip_status' for more information.
[Fri Feb 24 11:35:53 2023] Launched impl_2...
Run output will be captured here: E:/Downloads/ad_da_hdmi-master/ad_da_vga/ad_da_vga.runs/impl_2/runme.log
set_property PROBES.FILE {E:/Downloads/ad_da_hdmi-master/ad_da_vga/ad_da_vga.runs/impl_2/hs_ad_da.ltx} [get_hw_devices xc7z010_1]
set_property FULL_PROBES.FILE {E:/Downloads/ad_da_hdmi-master/ad_da_vga/ad_da_vga.runs/impl_2/hs_ad_da.ltx} [get_hw_devices xc7z010_1]
set_property PROGRAM.FILE {E:/Downloads/ad_da_hdmi-master/ad_da_vga/ad_da_vga.runs/impl_2/hs_ad_da.bit} [get_hw_devices xc7z010_1]
program_hw_devices [get_hw_devices xc7z010_1]
INFO: [Labtools 27-3164] End of startup status: HIGH
refresh_hw_device [lindex [get_hw_devices xc7z010_1] 0]
INFO: [Labtools 27-2302] Device xc7z010 (JTAG device index = 1) is programmed with a design that has 1 ILA core(s).
display_hw_ila_data [ get_hw_ila_data hw_ila_data_1 -of_objects [get_hw_ilas -of_objects [get_hw_devices xc7z010_1] -filter {CELL_NAME=~"ila_0"}]]
INFO: [Labtools 27-3304] ILA Waveform data saved to file E:/Downloads/ad_da_hdmi-master/ad_da_vga/ad_da_vga.hw/backup/hw_ila_data_1.ila. Use Tcl command 'read_hw_ila_data' or Vivado File->Import->Import ILA Data menu item to import the previously saved data.
set_property PROBES.FILE {E:/Downloads/ad_da_hdmi-master/ad_da_vga/ad_da_vga.runs/impl_2/hs_ad_da.ltx} [get_hw_devices xc7z010_1]
set_property FULL_PROBES.FILE {E:/Downloads/ad_da_hdmi-master/ad_da_vga/ad_da_vga.runs/impl_2/hs_ad_da.ltx} [get_hw_devices xc7z010_1]
set_property PROGRAM.FILE {E:/Downloads/ad_da_hdmi-master/ad_da_vga/ad_da_vga.runs/impl_2/hs_ad_da.bit} [get_hw_devices xc7z010_1]
program_hw_devices [get_hw_devices xc7z010_1]
INFO: [Labtools 27-3164] End of startup status: HIGH
refresh_hw_device [lindex [get_hw_devices xc7z010_1] 0]
INFO: [Labtools 27-2302] Device xc7z010 (JTAG device index = 1) is programmed with a design that has 1 ILA core(s).
INFO: [Labtools 27-3304] ILA Waveform data saved to file E:/Downloads/ad_da_hdmi-master/ad_da_vga/ad_da_vga.hw/backup/hw_ila_data_1.ila. Use Tcl command 'read_hw_ila_data' or Vivado File->Import->Import ILA Data menu item to import the previously saved data.
save_wave_config {E:/Downloads/ad_da_hdmi-master/ad_da_vga/ad_da_vga.hw/hw_1/wave/hw_ila_data_1/hw_ila_data_1.wcfg}
run_hw_ila [get_hw_ilas -of_objects [get_hw_devices xc7z010_1] -filter {CELL_NAME=~"ila_0"}]
INFO: [Labtools 27-1964] The ILA core 'hw_ila_1' trigger was armed at 2023-Feb-24 11:38:44
wait_on_hw_ila [get_hw_ilas -of_objects [get_hw_devices xc7z010_1] -filter {CELL_NAME=~"ila_0"}]
display_hw_ila_data [upload_hw_ila_data [get_hw_ilas -of_objects [get_hw_devices xc7z010_1] -filter {CELL_NAME=~"ila_0"}]]
INFO: [Labtools 27-1966] The ILA core 'hw_ila_1' triggered at 2023-Feb-24 11:38:44
INFO: [Labtools 27-3304] ILA Waveform data saved to file E:/Downloads/ad_da_hdmi-master/ad_da_vga/ad_da_vga.hw/backup/hw_ila_data_1.ila. Use Tcl command 'read_hw_ila_data' or Vivado File->Import->Import ILA Data menu item to import the previously saved data.
run_hw_ila [get_hw_ilas -of_objects [get_hw_devices xc7z010_1] -filter {CELL_NAME=~"ila_0"}]
INFO: [Labtools 27-1964] The ILA core 'hw_ila_1' trigger was armed at 2023-Feb-24 11:38:50
wait_on_hw_ila [get_hw_ilas -of_objects [get_hw_devices xc7z010_1] -filter {CELL_NAME=~"ila_0"}]
display_hw_ila_data [upload_hw_ila_data [get_hw_ilas -of_objects [get_hw_devices xc7z010_1] -filter {CELL_NAME=~"ila_0"}]]
INFO: [Labtools 27-1966] The ILA core 'hw_ila_1' triggered at 2023-Feb-24 11:38:50
INFO: [Labtools 27-3304] ILA Waveform data saved to file E:/Downloads/ad_da_hdmi-master/ad_da_vga/ad_da_vga.hw/backup/hw_ila_data_1.ila. Use Tcl command 'read_hw_ila_data' or Vivado File->Import->Import ILA Data menu item to import the previously saved data.
ERROR: [Labtoolstcl 44-513] HW Target shutdown. Closing target: localhost:3121/xilinx_tcf/Digilent/210512180081
INFO: [Labtoolstcl 44-466] Opening hw_target localhost:3121/xilinx_tcf/Digilent/210512180081
WARNING: [Labtoolstcl 44-129] No matching hw_ila_data was found.
INFO: [Labtools 27-1435] Device xc7z010 (JTAG device index = 1) is not programmed (DONE status = 0).
WARNING: [Labtoolstcl 44-129] No matching hw_ila_data was found.
set_property PROBES.FILE {E:/Downloads/ad_da_hdmi-master/ad_da_vga/ad_da_vga.runs/impl_2/hs_ad_da.ltx} [get_hw_devices xc7z010_1]
set_property FULL_PROBES.FILE {E:/Downloads/ad_da_hdmi-master/ad_da_vga/ad_da_vga.runs/impl_2/hs_ad_da.ltx} [get_hw_devices xc7z010_1]
set_property PROGRAM.FILE {E:/Downloads/ad_da_hdmi-master/ad_da_vga/ad_da_vga.runs/impl_2/hs_ad_da.bit} [get_hw_devices xc7z010_1]
program_hw_devices [get_hw_devices xc7z010_1]
INFO: [Labtools 27-3164] End of startup status: HIGH
refresh_hw_device [lindex [get_hw_devices xc7z010_1] 0]
INFO: [Labtools 27-2302] Device xc7z010 (JTAG device index = 1) is programmed with a design that has 1 ILA core(s).
display_hw_ila_data [ get_hw_ila_data hw_ila_data_1 -of_objects [get_hw_ilas -of_objects [get_hw_devices xc7z010_1] -filter {CELL_NAME=~"ila_0"}]]
INFO: [Labtools 27-3304] ILA Waveform data saved to file E:/Downloads/ad_da_hdmi-master/ad_da_vga/ad_da_vga.hw/backup/hw_ila_data_1.ila. Use Tcl command 'read_hw_ila_data' or Vivado File->Import->Import ILA Data menu item to import the previously saved data.
ERROR: [Labtoolstcl 44-513] HW Target shutdown. Closing target: localhost:3121/xilinx_tcf/Digilent/210512180081
INFO: [Labtoolstcl 44-466] Opening hw_target localhost:3121/xilinx_tcf/Digilent/210512180081
WARNING: [Labtoolstcl 44-129] No matching hw_ila_data was found.
INFO: [Labtools 27-1435] Device xc7z010 (JTAG device index = 1) is not programmed (DONE status = 0).
WARNING: [Labtoolstcl 44-129] No matching hw_ila_data was found.
set_property PROBES.FILE {E:/Downloads/ad_da_hdmi-master/ad_da_vga/ad_da_vga.runs/impl_2/hs_ad_da.ltx} [get_hw_devices xc7z010_1]
set_property FULL_PROBES.FILE {E:/Downloads/ad_da_hdmi-master/ad_da_vga/ad_da_vga.runs/impl_2/hs_ad_da.ltx} [get_hw_devices xc7z010_1]
set_property PROGRAM.FILE {E:/Downloads/ad_da_hdmi-master/ad_da_vga/ad_da_vga.runs/impl_2/hs_ad_da.bit} [get_hw_devices xc7z010_1]
program_hw_devices [get_hw_devices xc7z010_1]
INFO: [Labtools 27-3164] End of startup status: HIGH
refresh_hw_device [lindex [get_hw_devices xc7z010_1] 0]
INFO: [Labtools 27-2302] Device xc7z010 (JTAG device index = 1) is programmed with a design that has 1 ILA core(s).
display_hw_ila_data [ get_hw_ila_data hw_ila_data_1 -of_objects [get_hw_ilas -of_objects [get_hw_devices xc7z010_1] -filter {CELL_NAME=~"ila_0"}]]
INFO: [Labtools 27-3304] ILA Waveform data saved to file E:/Downloads/ad_da_hdmi-master/ad_da_vga/ad_da_vga.hw/backup/hw_ila_data_1.ila. Use Tcl command 'read_hw_ila_data' or Vivado File->Import->Import ILA Data menu item to import the previously saved data.
set_property PROBES.FILE {E:/Downloads/ad_da_hdmi-master/ad_da_vga/ad_da_vga.runs/impl_2/hs_ad_da.ltx} [get_hw_devices xc7z010_1]
set_property FULL_PROBES.FILE {E:/Downloads/ad_da_hdmi-master/ad_da_vga/ad_da_vga.runs/impl_2/hs_ad_da.ltx} [get_hw_devices xc7z010_1]
set_property PROGRAM.FILE {E:/Downloads/ad_da_hdmi-master/ad_da_vga/ad_da_vga.runs/impl_2/hs_ad_da.bit} [get_hw_devices xc7z010_1]
program_hw_devices [get_hw_devices xc7z010_1]
INFO: [Labtools 27-3164] End of startup status: HIGH
refresh_hw_device [lindex [get_hw_devices xc7z010_1] 0]
INFO: [Labtools 27-2302] Device xc7z010 (JTAG device index = 1) is programmed with a design that has 1 ILA core(s).
INFO: [Labtools 27-3304] ILA Waveform data saved to file E:/Downloads/ad_da_hdmi-master/ad_da_vga/ad_da_vga.hw/backup/hw_ila_data_1.ila. Use Tcl command 'read_hw_ila_data' or Vivado File->Import->Import ILA Data menu item to import the previously saved data.
upgrade_ip -srcset clk_wiz_0 -vlnv xilinx.com:ip:clk_wiz:6.0 [get_ips  clk_wiz_0] -log ip_upgrade.log
Upgrading 'clk_wiz_0'
WARNING: [Vivado 12-1017] Problems encountered:
1. Failed to delete one or more files in run directory E:/Downloads/ad_da_hdmi-master/ad_da_vga/ad_da_vga.runs/clk_wiz_0_synth_1

INFO: [Project 1-386] Moving file 'E:/Downloads/ad_da_hdmi-master/ad_da_vga/ad_da_vga.srcs/sources_1/ip/clk_wiz_0/clk_wiz_0.xci' from fileset 'clk_wiz_0' to fileset 'sources_1'.
INFO: [IP_Flow 19-1972] Upgraded clk_wiz_0 from Clocking Wizard 5.4 to Clocking Wizard 6.0
INFO: [IP_Flow 19-1686] Generating 'Instantiation Template' target for IP 'clk_wiz_0'...
INFO: [Coretcl 2-1525] Wrote upgrade log to 'E:/Downloads/ad_da_hdmi-master/ad_da_vga/ip_upgrade.log'.
export_ip_user_files -of_objects [get_ips clk_wiz_0] -no_script -sync -force -quiet
update_compile_order -fileset sources_1
upgrade_ip -vlnv xilinx.com:ip:ila:6.2 [get_ips  ila_0] -log ip_upgrade.log
Upgrading 'ila_0'
INFO: [IP_Flow 19-3422] Upgraded ila_0 (ILA (Integrated Logic Analyzer) 6.2) from revision 5 to revision 7
INFO: [IP_Flow 19-1686] Generating 'Instantiation Template' target for IP 'ila_0'...
INFO: [Coretcl 2-1525] Wrote upgrade log to 'E:/Downloads/ad_da_hdmi-master/ad_da_vga/ip_upgrade.log'.
upgrade_ip: Time (s): cpu = 00:00:24 ; elapsed = 00:00:24 . Memory (MB): peak = 3009.312 ; gain = 76.836
export_ip_user_files -of_objects [get_ips ila_0] -no_script -sync -force -quiet
generate_target all [get_files  E:/Downloads/ad_da_hdmi-master/ad_da_vga/ad_da_vga.srcs/sources_1/ip/ila_0/ila_0.xci]
INFO: [IP_Flow 19-1686] Generating 'Synthesis' target for IP 'ila_0'...
WARNING: [IP_Flow 19-4994] Overwriting existing constraint file 'e:/Downloads/ad_da_hdmi-master/ad_da_vga/ad_da_vga.srcs/sources_1/ip/ila_0/ila_0_ooc.xdc'
INFO: [IP_Flow 19-1686] Generating 'Simulation' target for IP 'ila_0'...
INFO: [IP_Flow 19-1686] Generating 'Implementation' target for IP 'ila_0'...
INFO: [IP_Flow 19-1686] Generating 'Change Log' target for IP 'ila_0'...
catch { config_ip_cache -export [get_ips -all ila_0] }
export_ip_user_files -of_objects [get_files E:/Downloads/ad_da_hdmi-master/ad_da_vga/ad_da_vga.srcs/sources_1/ip/ila_0/ila_0.xci] -no_script -sync -force -quiet
create_ip_run [get_files -of_objects [get_fileset sources_1] E:/Downloads/ad_da_hdmi-master/ad_da_vga/ad_da_vga.srcs/sources_1/ip/ila_0/ila_0.xci]
launch_runs -jobs 8 ila_0_synth_1
[Fri Feb 24 11:42:53 2023] Launched ila_0_synth_1...
Run output will be captured here: E:/Downloads/ad_da_hdmi-master/ad_da_vga/ad_da_vga.runs/ila_0_synth_1/runme.log
export_simulation -of_objects [get_files E:/Downloads/ad_da_hdmi-master/ad_da_vga/ad_da_vga.srcs/sources_1/ip/ila_0/ila_0.xci] -directory E:/Downloads/ad_da_hdmi-master/ad_da_vga/ad_da_vga.ip_user_files/sim_scripts -ip_user_files_dir E:/Downloads/ad_da_hdmi-master/ad_da_vga/ad_da_vga.ip_user_files -ipstatic_source_dir E:/Downloads/ad_da_hdmi-master/ad_da_vga/ad_da_vga.ip_user_files/ipstatic -lib_map_path [list {modelsim=E:/Downloads/ad_da_hdmi-master/ad_da_vga/ad_da_vga.cache/compile_simlib/modelsim} {questa=E:/Downloads/ad_da_hdmi-master/ad_da_vga/ad_da_vga.cache/compile_simlib/questa} {riviera=E:/Downloads/ad_da_hdmi-master/ad_da_vga/ad_da_vga.cache/compile_simlib/riviera} {activehdl=E:/Downloads/ad_da_hdmi-master/ad_da_vga/ad_da_vga.cache/compile_simlib/activehdl}] -use_ip_compiled_libs -force -quiet
INFO: [Device 21-403] Loading part xc7a35tfgg484-2
WARNING: [IP_Flow 19-4067] Ignoring invalid widget type specified checkbox.Providing a default widget
WARNING: [IP_Flow 19-4067] Ignoring invalid widget type specified checkbox.Providing a default widget
upgrade_ip -srcset rom_256x8b -vlnv xilinx.com:ip:blk_mem_gen:8.4 [get_ips  rom_256x8b] -log ip_upgrade.log
Upgrading 'rom_256x8b'
WARNING: [Vivado 12-1017] Problems encountered:
1. Failed to delete one or more files in run directory E:/Downloads/ad_da_hdmi-master/ad_da_vga/ad_da_vga.runs/rom_256x8b_synth_1

INFO: [Project 1-386] Moving file 'E:/Downloads/ad_da_hdmi-master/ad_da_vga/ad_da_vga.srcs/sources_1/ip/rom_256x8b/rom_256x8b.xci' from fileset 'rom_256x8b' to fileset 'sources_1'.
INFO: [IP_Flow 19-3420] Updated rom_256x8b to use current project options
INFO: [IP_Flow 19-1686] Generating 'Instantiation Template' target for IP 'rom_256x8b'...
INFO: [Coretcl 2-1525] Wrote upgrade log to 'E:/Downloads/ad_da_hdmi-master/ad_da_vga/ip_upgrade.log'.
export_ip_user_files -of_objects [get_ips rom_256x8b] -no_script -sync -force -quiet
update_compile_order -fileset sources_1
upgrade_ip -srcset sawt_rom -vlnv xilinx.com:ip:blk_mem_gen:8.4 [get_ips  sawt_rom] -log ip_upgrade.log
Upgrading 'sawt_rom'
WARNING: [Vivado 12-1017] Problems encountered:
1. Failed to delete one or more files in run directory E:/Downloads/ad_da_hdmi-master/ad_da_vga/ad_da_vga.runs/sawt_rom_synth_1

INFO: [Project 1-386] Moving file 'E:/Downloads/ad_da_hdmi-master/ad_da_vga/ad_da_vga.srcs/sources_1/ip/sawt_rom/sawt_rom.xci' from fileset 'sawt_rom' to fileset 'sources_1'.
INFO: [IP_Flow 19-3420] Updated sawt_rom to use current project options
INFO: [IP_Flow 19-1686] Generating 'Instantiation Template' target for IP 'sawt_rom'...
INFO: [Coretcl 2-1525] Wrote upgrade log to 'E:/Downloads/ad_da_hdmi-master/ad_da_vga/ip_upgrade.log'.
export_ip_user_files -of_objects [get_ips sawt_rom] -no_script -sync -force -quiet
update_compile_order -fileset sources_1
upgrade_ip -srcset tri_rom -vlnv xilinx.com:ip:blk_mem_gen:8.4 [get_ips  tri_rom] -log ip_upgrade.log
Upgrading 'tri_rom'
WARNING: [Vivado 12-1017] Problems encountered:
1. Failed to delete one or more files in run directory E:/Downloads/ad_da_hdmi-master/ad_da_vga/ad_da_vga.runs/tri_rom_synth_1

INFO: [Project 1-386] Moving file 'E:/Downloads/ad_da_hdmi-master/ad_da_vga/ad_da_vga.srcs/sources_1/ip/tri_rom/tri_rom.xci' from fileset 'tri_rom' to fileset 'sources_1'.
INFO: [IP_Flow 19-3420] Updated tri_rom to use current project options
INFO: [IP_Flow 19-1686] Generating 'Instantiation Template' target for IP 'tri_rom'...
INFO: [Coretcl 2-1525] Wrote upgrade log to 'E:/Downloads/ad_da_hdmi-master/ad_da_vga/ip_upgrade.log'.
export_ip_user_files -of_objects [get_ips tri_rom] -no_script -sync -force -quiet
update_compile_order -fileset sources_1
upgrade_ip -srcset dis_ram -vlnv xilinx.com:ip:blk_mem_gen:8.4 [get_ips  dis_ram] -log ip_upgrade.log
Upgrading 'dis_ram'
WARNING: [Vivado 12-1017] Problems encountered:
1. Failed to delete one or more files in run directory E:/Downloads/ad_da_hdmi-master/ad_da_vga/ad_da_vga.runs/dis_ram_synth_1

INFO: [Project 1-386] Moving file 'E:/Downloads/ad_da_hdmi-master/ad_da_vga/ad_da_vga.srcs/sources_1/ip/dis_ram/dis_ram.xci' from fileset 'dis_ram' to fileset 'sources_1'.
INFO: [IP_Flow 19-3420] Updated dis_ram to use current project options
INFO: [IP_Flow 19-1686] Generating 'Instantiation Template' target for IP 'dis_ram'...
INFO: [Coretcl 2-1525] Wrote upgrade log to 'E:/Downloads/ad_da_hdmi-master/ad_da_vga/ip_upgrade.log'.
export_ip_user_files -of_objects [get_ips dis_ram] -no_script -sync -force -quiet
update_compile_order -fileset sources_1
ERROR: [Labtoolstcl 44-513] HW Target shutdown. Closing target: localhost:3121/xilinx_tcf/Digilent/210512180081
INFO: [Labtoolstcl 44-466] Opening hw_target localhost:3121/xilinx_tcf/Digilent/210512180081
WARNING: [Labtoolstcl 44-129] No matching hw_ila_data was found.
INFO: [Labtools 27-1435] Device xc7z010 (JTAG device index = 1) is not programmed (DONE status = 0).
WARNING: [Labtoolstcl 44-129] No matching hw_ila_data was found.
ERROR: [Labtoolstcl 44-513] HW Target shutdown. Closing target: localhost:3121/xilinx_tcf/Digilent/210512180081
INFO: [Labtoolstcl 44-466] Opening hw_target localhost:3121/xilinx_tcf/Digilent/210512180081
WARNING: [Labtoolstcl 44-129] No matching hw_ila_data was found.
INFO: [Labtools 27-1435] Device xc7z010 (JTAG device index = 1) is not programmed (DONE status = 0).
WARNING: [Labtoolstcl 44-129] No matching hw_ila_data was found.
ERROR: [Labtoolstcl 44-513] HW Target shutdown. Closing target: localhost:3121/xilinx_tcf/Digilent/210512180081
INFO: [Labtoolstcl 44-466] Opening hw_target localhost:3121/xilinx_tcf/Digilent/210512180081
WARNING: [Labtoolstcl 44-129] No matching hw_ila_data was found.
INFO: [Labtools 27-1435] Device xc7z010 (JTAG device index = 1) is not programmed (DONE status = 0).
WARNING: [Labtoolstcl 44-129] No matching hw_ila_data was found.
ERROR: [Labtoolstcl 44-513] HW Target shutdown. Closing target: localhost:3121/xilinx_tcf/Digilent/210512180081
INFO: [Labtoolstcl 44-466] Opening hw_target localhost:3121/xilinx_tcf/Digilent/210512180081
WARNING: [Labtoolstcl 44-129] No matching hw_ila_data was found.
INFO: [Labtools 27-1435] Device xc7z010 (JTAG device index = 1) is not programmed (DONE status = 0).
WARNING: [Labtoolstcl 44-129] No matching hw_ila_data was found.
ERROR: [Labtoolstcl 44-513] HW Target shutdown. Closing target: localhost:3121/xilinx_tcf/Digilent/210512180081
INFO: [Labtoolstcl 44-466] Opening hw_target localhost:3121/xilinx_tcf/Digilent/210512180081
WARNING: [Labtoolstcl 44-129] No matching hw_ila_data was found.
INFO: [Labtools 27-1435] Device xc7z010 (JTAG device index = 1) is not programmed (DONE status = 0).
WARNING: [Labtoolstcl 44-129] No matching hw_ila_data was found.
ERROR: [Labtoolstcl 44-513] HW Target shutdown. Closing target: localhost:3121/xilinx_tcf/Digilent/210512180081
INFO: [Labtoolstcl 44-466] Opening hw_target localhost:3121/xilinx_tcf/Digilent/210512180081
WARNING: [Labtoolstcl 44-129] No matching hw_ila_data was found.
INFO: [Labtools 27-1435] Device xc7z010 (JTAG device index = 1) is not programmed (DONE status = 0).
WARNING: [Labtoolstcl 44-129] No matching hw_ila_data was found.
WARNING: [IP_Flow 19-4067] Ignoring invalid widget type specified checkbox.Providing a default widget
WARNING: [IP_Flow 19-4067] Ignoring invalid widget type specified checkbox.Providing a default widget
WARNING: [IP_Flow 19-4067] Ignoring invalid widget type specified checkbox.Providing a default widget
WARNING: [IP_Flow 19-4067] Ignoring invalid widget type specified checkbox.Providing a default widget
WARNING: [IP_Flow 19-4067] Ignoring invalid widget type specified checkbox.Providing a default widget
WARNING: [IP_Flow 19-4067] Ignoring invalid widget type specified checkbox.Providing a default widget
reset_run synth_1
WARNING: [Vivado 12-1017] Problems encountered:
1. Failed to delete one or more files in run directory E:/Downloads/ad_da_hdmi-master/ad_da_vga/ad_da_vga.runs/synth_1

launch_runs impl_2 -to_step write_bitstream -jobs 8
INFO: [IP_Flow 19-1686] Generating 'Synthesis' target for IP 'tri_rom'...
INFO: [IP_Flow 19-1686] Generating 'Synthesis' target for IP 'sawt_rom'...
INFO: [IP_Flow 19-1686] Generating 'Synthesis' target for IP 'rom_256x8b'...
INFO: [IP_Flow 19-1686] Generating 'Synthesis' target for IP 'dis_ram'...
INFO: [IP_Flow 19-1686] Generating 'Synthesis' target for IP 'clk_wiz_0'...
INFO: [IP_Flow 19-1686] Generating 'Implementation' target for IP 'clk_wiz_0'...
[Fri Feb 24 12:39:58 2023] Launched rom_256x8b_synth_1, tri_rom_synth_1, sawt_rom_synth_1, clk_wiz_0_synth_1, dis_ram_synth_1, synth_1...
Run output will be captured here:
rom_256x8b_synth_1: E:/Downloads/ad_da_hdmi-master/ad_da_vga/ad_da_vga.runs/rom_256x8b_synth_1/runme.log
tri_rom_synth_1: E:/Downloads/ad_da_hdmi-master/ad_da_vga/ad_da_vga.runs/tri_rom_synth_1/runme.log
sawt_rom_synth_1: E:/Downloads/ad_da_hdmi-master/ad_da_vga/ad_da_vga.runs/sawt_rom_synth_1/runme.log
clk_wiz_0_synth_1: E:/Downloads/ad_da_hdmi-master/ad_da_vga/ad_da_vga.runs/clk_wiz_0_synth_1/runme.log
dis_ram_synth_1: E:/Downloads/ad_da_hdmi-master/ad_da_vga/ad_da_vga.runs/dis_ram_synth_1/runme.log
synth_1: E:/Downloads/ad_da_hdmi-master/ad_da_vga/ad_da_vga.runs/synth_1/runme.log
[Fri Feb 24 12:39:58 2023] Launched impl_2...
Run output will be captured here: E:/Downloads/ad_da_hdmi-master/ad_da_vga/ad_da_vga.runs/impl_2/runme.log
reset_run synth_1
WARNING: [Vivado 12-1017] Problems encountered:
1. Failed to delete one or more files in run directory E:/Downloads/ad_da_hdmi-master/ad_da_vga/ad_da_vga.runs/synth_1

launch_runs impl_2 -to_step write_bitstream -jobs 8
[Fri Feb 24 12:50:11 2023] Launched synth_1...
Run output will be captured here: E:/Downloads/ad_da_hdmi-master/ad_da_vga/ad_da_vga.runs/synth_1/runme.log
[Fri Feb 24 12:50:11 2023] Launched impl_2...
Run output will be captured here: E:/Downloads/ad_da_hdmi-master/ad_da_vga/ad_da_vga.runs/impl_2/runme.log
ERROR: [Labtoolstcl 44-513] HW Target shutdown. Closing target: localhost:3121/xilinx_tcf/Digilent/210512180081
INFO: [Labtoolstcl 44-466] Opening hw_target localhost:3121/xilinx_tcf/Digilent/210512180081
WARNING: [Labtoolstcl 44-129] No matching hw_ila_data was found.
INFO: [Labtools 27-1435] Device xc7z010 (JTAG device index = 1) is not programmed (DONE status = 0).
WARNING: [Labtoolstcl 44-129] No matching hw_ila_data was found.
reset_run synth_1
WARNING: [Vivado 12-1017] Problems encountered:
1. Failed to delete one or more files in run directory E:/Downloads/ad_da_hdmi-master/ad_da_vga/ad_da_vga.runs/synth_1

launch_runs impl_2 -to_step write_bitstream -jobs 8
[Fri Feb 24 13:31:22 2023] Launched synth_1...
Run output will be captured here: E:/Downloads/ad_da_hdmi-master/ad_da_vga/ad_da_vga.runs/synth_1/runme.log
[Fri Feb 24 13:31:22 2023] Launched impl_2...
Run output will be captured here: E:/Downloads/ad_da_hdmi-master/ad_da_vga/ad_da_vga.runs/impl_2/runme.log
reset_run synth_1
WARNING: [Vivado 12-1017] Problems encountered:
1. Failed to delete one or more files in run directory E:/Downloads/ad_da_hdmi-master/ad_da_vga/ad_da_vga.runs/synth_1

launch_runs impl_2 -to_step write_bitstream -jobs 8
[Fri Feb 24 13:53:47 2023] Launched synth_1...
Run output will be captured here: E:/Downloads/ad_da_hdmi-master/ad_da_vga/ad_da_vga.runs/synth_1/runme.log
[Fri Feb 24 13:53:47 2023] Launched impl_2...
Run output will be captured here: E:/Downloads/ad_da_hdmi-master/ad_da_vga/ad_da_vga.runs/impl_2/runme.log
reset_run synth_1
WARNING: [Vivado 12-1017] Problems encountered:
1. Failed to delete one or more files in run directory E:/Downloads/ad_da_hdmi-master/ad_da_vga/ad_da_vga.runs/synth_1

launch_runs impl_2 -to_step write_bitstream -jobs 8
[Fri Feb 24 13:57:58 2023] Launched synth_1...
Run output will be captured here: E:/Downloads/ad_da_hdmi-master/ad_da_vga/ad_da_vga.runs/synth_1/runme.log
[Fri Feb 24 13:57:58 2023] Launched impl_2...
Run output will be captured here: E:/Downloads/ad_da_hdmi-master/ad_da_vga/ad_da_vga.runs/impl_2/runme.log
