#-----------------------------------------------------------
# Vivado v2018.2 (64-bit)
# SW Build 2258646 on Thu Jun 14 20:03:12 MDT 2018
# IP Build 2256618 on Thu Jun 14 22:10:49 MDT 2018
# Start of session at: Sat Feb 25 13:52:31 2023
# Process ID: 51868
# Current directory: E:/Downloads/ad_da_hdmi-master/ad_da_vga
# Command line: vivado.exe -gui_launcher_event rodinguilauncherevent60772 E:\Downloads\ad_da_hdmi-master\ad_da_vga\ad_da_vga.xpr
# Log file: E:/Downloads/ad_da_hdmi-master/ad_da_vga/vivado.log
# Journal file: E:/Downloads/ad_da_hdmi-master/ad_da_vga\vivado.jou
#-----------------------------------------------------------
start_gui
open_project E:/Downloads/ad_da_hdmi-master/ad_da_vga/ad_da_vga.xpr
Scanning sources...
Finished scanning sources
INFO: [IP_Flow 19-234] Refreshing IP repositories
INFO: [IP_Flow 19-1704] No user IP repositories specified
INFO: [IP_Flow 19-2313] Loaded Vivado IP repository 'D:/Xilinx/Vivado/2018.2/data/ip'.
open_project: Time (s): cpu = 00:00:18 ; elapsed = 00:00:11 . Memory (MB): peak = 950.473 ; gain = 208.328
update_compile_order -fileset sources_1
open_hw
connect_hw_server
INFO: [Labtools 27-2285] Connecting to hw_server url TCP:localhost:3121
open_hw_target
INFO: [Labtoolstcl 44-466] Opening hw_target localhost:3121/xilinx_tcf/Digilent/210512180081
set_property PROGRAM.FILE {E:/Downloads/ad_da_hdmi-master/ad_da_vga/ad_da_vga.runs/impl_2/hs_ad_da.bit} [get_hw_devices xc7z010_1]
set_property PROBES.FILE {E:/Downloads/ad_da_hdmi-master/ad_da_vga/ad_da_vga.runs/impl_2/hs_ad_da.ltx} [get_hw_devices xc7z010_1]
set_property FULL_PROBES.FILE {E:/Downloads/ad_da_hdmi-master/ad_da_vga/ad_da_vga.runs/impl_2/hs_ad_da.ltx} [get_hw_devices xc7z010_1]
current_hw_device [get_hw_devices xc7z010_1]
refresh_hw_device [lindex [get_hw_devices xc7z010_1] 0]
INFO: [Labtools 27-2302] Device xc7z010 (JTAG device index = 1) is programmed with a design that has 2 ILA core(s).
INFO: [Labtools 27-2302] Device xc7z010 (JTAG device index = 1) is programmed with a design that has 1 VIO core(s).
WARNING: [Labtools 27-3413] Dropping logic core with cellname:'u_da_wave_send/u_f_word_set/ila_1' at location 'uuid_472B2CCC2B5455B39A9CBC88BE19CD86' from probes file, since it cannot be found on the programmed device.
WARNING: [Labtools 27-1974] Mismatch between the design programmed into the device xc7z010_1 and the probes file(s) E:/Downloads/ad_da_hdmi-master/ad_da_vga/ad_da_vga.runs/impl_2/hs_ad_da.ltx.
The device design has 2 ILA core(s) and 1 VIO core(s). 1 ILA core(s) and 1 VIO core(s) are matched in the probes file(s).
Resolution: 
1. Reprogram device with the correct programming file and associated probes file(s) OR
2. Goto device properties and associate the correct probes file(s) with the programming file already programmed in the device.
set_property PROBES.FILE {E:/Downloads/ad_da_hdmi-master/ad_da_vga/ad_da_vga.runs/impl_2/hs_ad_da.ltx} [get_hw_devices xc7z010_1]
set_property FULL_PROBES.FILE {E:/Downloads/ad_da_hdmi-master/ad_da_vga/ad_da_vga.runs/impl_2/hs_ad_da.ltx} [get_hw_devices xc7z010_1]
set_property PROGRAM.FILE {E:/Downloads/ad_da_hdmi-master/ad_da_vga/ad_da_vga.runs/impl_2/hs_ad_da.bit} [get_hw_devices xc7z010_1]
program_hw_devices [get_hw_devices xc7z010_1]
INFO: [Labtools 27-3164] End of startup status: HIGH
refresh_hw_device [lindex [get_hw_devices xc7z010_1] 0]
INFO: [Labtools 27-2302] Device xc7z010 (JTAG device index = 1) is programmed with a design that has 2 ILA core(s).
INFO: [Labtools 27-2302] Device xc7z010 (JTAG device index = 1) is programmed with a design that has 1 VIO core(s).
display_hw_ila_data [ get_hw_ila_data hw_ila_data_1 -of_objects [get_hw_ilas -of_objects [get_hw_devices xc7z010_1] -filter {CELL_NAME=~"ila_0"}]]
INFO: [Labtools 27-3304] ILA Waveform data saved to file E:/Downloads/ad_da_hdmi-master/ad_da_vga/ad_da_vga.hw/backup/hw_ila_data_1.ila. Use Tcl command 'read_hw_ila_data' or Vivado File->Import->Import ILA Data menu item to import the previously saved data.
display_hw_ila_data [ get_hw_ila_data hw_ila_data_2 -of_objects [get_hw_ilas -of_objects [get_hw_devices xc7z010_1] -filter {CELL_NAME=~"u_da_wave_send/u_f_word_set/ila_1"}]]
INFO: [Labtools 27-3304] ILA Waveform data saved to file E:/Downloads/ad_da_hdmi-master/ad_da_vga/ad_da_vga.hw/backup/hw_ila_data_2.ila. Use Tcl command 'read_hw_ila_data' or Vivado File->Import->Import ILA Data menu item to import the previously saved data.
save_wave_config {E:/Downloads/ad_da_hdmi-master/ad_da_vga/ad_da_vga.hw/hw_1/wave/hw_ila_data_1/hw_ila_data_1.wcfg}
save_wave_config {E:/Downloads/ad_da_hdmi-master/ad_da_vga/ad_da_vga.hw/hw_1/wave/hw_ila_data_2/hw_ila_data_2.wcfg}
exit
INFO: [Common 17-206] Exiting Vivado at Sat Feb 25 14:03:37 2023...
ices xc7z010_1] -filter {CELL_NAME=~"ila_0"}]]
INFO: [Labtools 27-1966] The ILA core 'hw_ila_1' triggered at 2023-Feb-25 13:54:30
INFO: [Labtools 27-3304] ILA Waveform data saved to file E:/Downloads/ad_da_hdmi-master/ad_da_vga/ad_da_vga.hw/backup/hw_ila_data_1.ila. Use Tcl command 'read_hw_ila_data' or Vivado File->Import->Import ILA Data menu item to import the previously saved data.
run_hw_ila [get_hw_ilas -of_objects [get_hw_devices xc7z010_1] -filter {CELL_NAME=~"ila_0"}]
INFO: [Labtools 27-1964] The ILA core 'hw_ila_1' trigger was armed at 2023-Feb-25 13:54:33
wait_on_hw_ila [get_hw_ilas -of_objects [get_hw_devices xc7z010_1] -filter {CELL_NAME=~"ila_0"}]
display_hw_ila_data [upload_hw_ila_data [get_hw_ilas -of_objects [get_hw_devices xc7z010_1] -filter {CELL_NAME=~"ila_0"}]]
INFO: [Labtools 27-1966] The ILA core 'hw_ila_1' triggered at 2023-Feb-25 13:54:33
INFO: [Labtools 27-3304] ILA Waveform data saved to file E:/Downloads/ad_da_hdmi-master/ad_da_vga/ad_da_vga.hw/backup/hw_ila_data_1.ila. Use Tcl command 'read_hw_ila_data' or Vivado File->Import->Import ILA Data menu item to import the previously saved data.
run_hw_ila [get_hw_ilas -of_objects [get_hw_devices xc7z010_1] -filter {CELL_NAME=~"ila_0"}]
INFO: [Labtools 27-1964] The ILA core 'hw_ila_1' trigger was armed at 2023-Feb-25 13:54:38
wait_on_hw_ila [get_hw_ilas -of_objects [get_hw_devices xc7z010_1] -filter {CELL_NAME=~"ila_0"}]
display_hw_ila_data [upload_hw_ila_data [get_hw_ilas -of_objects [get_hw_devices xc7z010_1] -filter {CELL_NAME=~"ila_0"}]]
INFO: [Labtools 27-1966] The ILA core 'hw_ila_1' triggered at 2023-Feb-25 13:54:38
INFO: [Labtools 27-3304] ILA Waveform data saved to file E:/Downloads/ad_da_hdmi-master/ad_da_vga/ad_da_vga.hw/backup/hw_ila_data_1.ila. Use Tcl command 'read_hw_ila_data' or Vivado File->Import->Import ILA Data menu item to import the previously saved data.
run_hw_ila [get_hw_ilas -of_objects [get_hw_devices xc7z010_1] -filter {CELL_NAME=~"ila_0"}]
INFO: [Labtools 27-1964] The ILA core 'hw_ila_1' trigger was armed at 2023-Feb-25 13:54:40
wait_on_hw_ila [get_hw_ilas -of_objects [get_hw_devices xc7z010_1] -filter {CELL_NAME=~"ila_0"}]
display_hw_ila_data [upload_hw_ila_data [get_hw_ilas -of_objects [get_hw_devices xc7z010_1] -filter {CELL_NAME=~"ila_0"}]]
INFO: [Labtools 27-1966] The ILA core 'hw_ila_1' triggered at 2023-Feb-25 13:54:40
INFO: [Labtools 27-3304] ILA Waveform data saved to file E:/Downloads/ad_da_hdmi-master/ad_da_vga/ad_da_vga.hw/backup/hw_ila_data_1.ila. Use Tcl command 'read_hw_ila_data' or Vivado File->Import->Import ILA Data menu item to import the previously saved data.
run_hw_ila [get_hw_ilas -of_objects [get_hw_devices xc7z010_1] -filter {CELL_NAME=~"ila_0"}]
INFO: [Labtools 27-1964] The ILA core 'hw_ila_1' trigger was armed at 2023-Feb-25 13:54:41
wait_on_hw_ila [get_hw_ilas -of_objects [get_hw_devices xc7z010_1] -filter {CELL_NAME=~"ila_0"}]
display_hw_ila_data [upload_hw_ila_data [get_hw_ilas -of_objects [get_hw_devices xc7z010_1] -filter {CELL_NAME=~"ila_0"}]]
INFO: [Labtools 27-1966] The ILA core 'hw_ila_1' triggered at 2023-Feb-25 13:54:41
INFO: [Labtools 27-3304] ILA Waveform data saved to file E:/Downloads/ad_da_hdmi-master/ad_da_vga/ad_da_vga.hw/backup/hw_ila_data_1.ila. Use Tcl command 'read_hw_ila_data' or Vivado File->Import->Import ILA Data menu item to import the previously saved data.
run_hw_ila [get_hw_ilas -of_objects [get_hw_devices xc7z010_1] -filter {CELL_NAME=~"ila_0"}]
INFO: [Labtools 27-1964] The ILA core 'hw_ila_1' trigger was armed at 2023-Feb-25 13:54:43
wait_on_hw_ila [get_hw_ilas -of_objects [get_hw_devices xc7z010_1] -filter {CELL_NAME=~"ila_0"}]
display_hw_ila_data [upload_hw_ila_data [get_hw_ilas -of_objects [get_hw_devices xc7z010_1] -filter {CELL_NAME=~"ila_0"}]]
INFO: [Labtools 27-1966] The ILA core 'hw_ila_1' triggered at 2023-Feb-25 13:54:43
INFO: [Labtools 27-3304] ILA Waveform data saved to file E:/Downloads/ad_da_hdmi-master/ad_da_vga/ad_da_vga.hw/backup/hw_ila_data_1.ila. Use Tcl command 'read_hw_ila_data' or Vivado File->Import->Import ILA Data menu item to import the previously saved data.
run_hw_ila [get_hw_ilas -of_objects [get_hw_devices xc7z010_1] -filter {CELL_NAME=~"ila_0"}]
INFO: [Labtools 27-1964] The ILA core 'hw_ila_1' trigger was armed at 2023-Feb-25 13:54:45
wait_on_hw_ila [get_hw_ilas -of_objects [get_hw_devices xc7z010_1] -filter {CELL_NAME=~"ila_0"}]
display_hw_ila_data [upload_hw_ila_data [get_hw_ilas -of_objects [get_hw_devices xc7z010_1] -filter {CELL_NAME=~"ila_0"}]]
INFO: [Labtools 27-1966] The ILA core 'hw_ila_1' triggered at 2023-Feb-25 13:54:45
INFO: [Labtools 27-3304] ILA Waveform data saved to file E:/Downloads/ad_da_hdmi-master/ad_da_vga/ad_da_vga.hw/backup/hw_ila_data_1.ila. Use Tcl command 'read_hw_ila_data' or Vivado File->Import->Import ILA Data menu item to import the previously saved data.
run_hw_ila [get_hw_ilas -of_objects [get_hw_devices xc7z010_1] -filter {CELL_NAME=~"ila_0"}]
INFO: [Labtools 27-1964] The ILA core 'hw_ila_1' trigger was armed at 2023-Feb-25 13:54:49
wait_on_hw_ila [get_hw_ilas -of_objects [get_hw_devices xc7z010_1] -filter {CELL_NAME=~"ila_0"}]
display_hw_ila_data [upload_hw_ila_data [get_hw_ilas -of_objects [get_hw_devices xc7z010_1] -filter {CELL_NAME=~"ila_0"}]]
INFO: [Labtools 27-1966] The ILA core 'hw_ila_1' triggered at 2023-Feb-25 13:54:49
INFO: [Labtools 27-3304] ILA Waveform data saved to file E:/Downloads/ad_da_hdmi-master/ad_da_vga/ad_da_vga.hw/backup/hw_ila_data_1.ila. Use Tcl command 'read_hw_ila_data' or Vivado File->Import->Import ILA Data menu item to import the previously saved data.
run_hw_ila [get_hw_ilas -of_objects [get_hw_devices xc7z010_1] -filter {CELL_NAME=~"ila_0"}]
INFO: [Labtools 27-1964] The ILA core 'hw_ila_1' trigger was armed at 2023-Feb-25 13:54:50
wait_on_hw_ila [get_hw_ilas -of_objects [get_hw_devices xc7z010_1] -filter {CELL_NAME=~"ila_0"}]
display_hw_ila_data [upload_hw_ila_data [get_hw_ilas -of_objects [get_hw_devices xc7z010_1] -filter {CELL_NAME=~"ila_0"}]]
INFO: [Labtools 27-1966] The ILA core 'hw_ila_1' triggered at 2023-Feb-25 13:54:50
INFO: [Labtools 27-3304] ILA Waveform data saved to file E:/Downloads/ad_da_hdmi-master/ad_da_vga/ad_da_vga.hw/backup/hw_ila_data_1.ila. Use Tcl command 'read_hw_ila_data' or Vivado File->Import->Import ILA Data menu item to import the previously saved data.
run_hw_ila [get_hw_ilas -of_objects [get_hw_devices xc7z010_1] -filter {CELL_NAME=~"ila_0"}]
INFO: [Labtools 27-1964] The ILA core 'hw_ila_1' trigger was armed at 2023-Feb-25 13:54:51
wait_on_hw_ila [get_hw_ilas -of_objects [get_hw_devices xc7z010_1] -filter {CELL_NAME=~"ila_0"}]
display_hw_ila_data [upload_hw_ila_data [get_hw_ilas -of_objects [get_hw_devices xc7z010_1] -filter {CELL_NAME=~"ila_0"}]]
INFO: [Labtools 27-1966] The ILA core 'hw_ila_1' triggered at 2023-Feb-25 13:54:51
INFO: [Labtools 27-3304] ILA Waveform data saved to file E:/Downloads/ad_da_hdmi-master/ad_da_vga/ad_da_vga.hw/backup/hw_ila_data_1.ila. Use Tcl command 'read_hw_ila_data' or Vivado File->Import->Import ILA Data menu item to import the previously saved data.
save_wave_config {E:/Downloads/ad_da_hdmi-master/ad_da_vga/ad_da_vga.hw/hw_1/wave/hw_ila_data_1/hw_ila_data_1.wcfg}
save_wave_config {E:/Downloads/ad_da_hdmi-master/ad_da_vga/ad_da_vga.hw/hw_1/wave/hw_ila_data_2/hw_ila_data_2.wcfg}
exit
INFO: [Common 17-206] Exiting Vivado at Sat Feb 25 13:55:20 2023...
